<?xml version="1.0" encoding="UTF-8"?>
<!-- Generated by org.testng.reporters.JUnitReportReporter -->
<testsuite name="TestPackage.First" tests="1" time="10.979" ignored="0" failures="0" timestamp="25 Oct 2020 13:57:23 GMT" skipped="0" hostname="INBANAKAMAT01" errors="0">
  <testcase name="OpenBrowser" time="10.979" classname="TestPackage.First"/>
</testsuite> <!-- TestPackage.First -->
